2025-07-09 00:30:14,605 - INFO - Starting PostgreSQL to MongoDB migration...
2025-07-09 00:30:14,605 - INFO - Connecting to PostgreSQL: postgresql://postgres:7HrX26sHIZz8yffytPc0@autonomize-database-1002.cwpqzu4drrfr.us-east-1.rds.amazonaws.com:5432/mlflow
2025-07-09 00:30:17,263 - INFO - PostgreSQL connection successful: PostgreSQL 16.8 on aarch64-unknown-linux-gnu, compiled by gcc (GCC) 7.3.1 20180712 (Red Hat 7.3.1-17), 64-bit
2025-07-09 00:30:17,264 - INFO - Connecting to MongoDB: mongodb://localhost:27017/mlflow_migrated_from_autonomize
2025-07-09 00:30:17,279 - INFO - MongoDB connection successful: mlflow_migrated_from_autonomize
2025-07-09 00:30:17,280 - INFO - Analyzing source data in PostgreSQL...
2025-07-09 00:30:17,582 - INFO -   experiments: 284 records
2025-07-09 00:30:17,890 - INFO -   runs: 6,013 records
2025-07-09 00:30:18,203 - INFO -   metrics: 57,350 records
2025-07-09 00:30:18,511 - INFO -   params: 71,003 records
2025-07-09 00:30:18,818 - INFO -   tags: 34,791 records
2025-07-09 00:30:19,118 - INFO -   registered_models: 212 records
2025-07-09 00:30:19,421 - INFO -   model_versions: 1,164 records
2025-07-09 00:30:19,726 - INFO -   registered_model_tags: 97 records
2025-07-09 00:30:20,028 - INFO -   model_version_tags: 130 records
2025-07-09 00:30:20,344 - INFO -   registered_model_aliases: 25 records
2025-07-09 00:30:20,647 - INFO -   datasets: 83 records
2025-07-09 00:30:20,950 - INFO -   inputs: 766 records
2025-07-09 00:30:21,252 - INFO -   input_tags: 173 records
2025-07-09 00:30:21,556 - INFO -   experiment_tags: 77 records
2025-07-09 00:30:21,858 - INFO -   latest_metrics: 17,240 records
2025-07-09 00:30:22,161 - INFO -   logged_models: 55 records
2025-07-09 00:30:22,465 - INFO -   logged_model_tags: 203 records
2025-07-09 00:30:22,768 - INFO -   logged_model_params: 0 records
2025-07-09 00:30:23,071 - INFO -   logged_model_metrics: 0 records
2025-07-09 00:30:23,374 - INFO -   trace_info: 4,756 records
2025-07-09 00:30:23,678 - INFO -   trace_request_metadata: 20,472 records
2025-07-09 00:30:23,983 - INFO -   trace_tags: 17,445 records
2025-07-09 00:30:23,983 - INFO - Total records to migrate: 232,339
2025-07-09 00:30:23,984 - INFO - Migrating experiments...
2025-07-09 00:30:23,984 - INFO - DRY RUN: Would migrate experiments
2025-07-09 00:30:23,984 - INFO - Migrating runs...
2025-07-09 00:30:23,984 - INFO - DRY RUN: Would migrate runs
2025-07-09 00:30:23,985 - INFO - Migrating metrics...
2025-07-09 00:30:23,985 - INFO - DRY RUN: Would migrate metrics
2025-07-09 00:30:23,985 - INFO - Migrating parameters...
2025-07-09 00:30:23,985 - INFO - DRY RUN: Would migrate parameters
2025-07-09 00:30:23,985 - INFO - Migrating tags...
2025-07-09 00:30:23,985 - INFO - DRY RUN: Would migrate tags
2025-07-09 00:30:23,985 - INFO - Migrating experiment_tags...
2025-07-09 00:30:23,985 - INFO - DRY RUN: Would migrate experiment_tags
2025-07-09 00:30:23,985 - INFO - Migrating datasets...
2025-07-09 00:30:23,986 - INFO - DRY RUN: Would migrate datasets
2025-07-09 00:30:23,986 - INFO - Migrating inputs...
2025-07-09 00:30:23,986 - INFO - DRY RUN: Would migrate inputs
2025-07-09 00:30:23,986 - INFO - Migrating input_tags...
2025-07-09 00:30:23,986 - INFO - DRY RUN: Would migrate input_tags
2025-07-09 00:30:23,986 - INFO - Migrating latest_metrics...
2025-07-09 00:30:23,986 - INFO - DRY RUN: Would migrate latest_metrics
2025-07-09 00:30:23,986 - INFO - Migrating registered models...
2025-07-09 00:30:23,986 - INFO - DRY RUN: Would migrate registered models
2025-07-09 00:30:23,987 - INFO - Migrating model versions...
2025-07-09 00:30:23,987 - INFO - DRY RUN: Would migrate model versions
2025-07-09 00:30:23,987 - INFO - Migrating registered_model_tags...
2025-07-09 00:30:23,987 - INFO - DRY RUN: Would migrate registered_model_tags
2025-07-09 00:30:23,987 - INFO - Migrating model_version_tags...
2025-07-09 00:30:23,987 - INFO - DRY RUN: Would migrate model_version_tags
2025-07-09 00:30:23,987 - INFO - Migrating registered_model_aliases...
2025-07-09 00:30:23,987 - INFO - DRY RUN: Would migrate registered_model_aliases
2025-07-09 00:30:23,987 - INFO - Migrating logged_models...
2025-07-09 00:30:23,988 - INFO - DRY RUN: Would migrate logged_models
2025-07-09 00:30:23,988 - INFO - Migrating logged_model_tags...
2025-07-09 00:30:23,990 - INFO - DRY RUN: Would migrate logged_model_tags
2025-07-09 00:30:23,990 - INFO - Migrating logged_model_params...
2025-07-09 00:30:23,992 - INFO - DRY RUN: Would migrate logged_model_params
2025-07-09 00:30:23,993 - INFO - Migrating logged_model_metrics...
2025-07-09 00:30:23,993 - INFO - DRY RUN: Would migrate logged_model_metrics
2025-07-09 00:30:23,993 - INFO - Migrating trace_info...
2025-07-09 00:30:23,994 - INFO - DRY RUN: Would migrate trace_info
2025-07-09 00:30:23,994 - INFO - Migrating trace_request_metadata...
2025-07-09 00:30:23,994 - INFO - DRY RUN: Would migrate trace_request_metadata
2025-07-09 00:30:23,994 - INFO - Migrating trace_tags...
2025-07-09 00:30:23,994 - INFO - DRY RUN: Would migrate trace_tags
2025-07-09 00:30:23,995 - INFO - Migration completed in 9.39 seconds
2025-07-09 00:30:23,995 - INFO - Report saved to: migration_report_20250709_003023.txt
