2023.10.03 15:20:08 INFO  Started: Metals version 1.0.1 in folders '/home/anders/Dokumenter/mlflow/mlflow/java/spark' for client Visual Studio Code 1.82.2.[0m
okt. 03, 2023 3:20:08 PM org.flywaydb.core.internal.license.VersionPrinter printVersionOnly
INFO: Flyway Community Edition 9.21.2 by Redgate
okt. 03, 2023 3:20:08 PM org.flywaydb.core.internal.license.VersionPrinter printVersion
INFO: See release notes here: https://rd.gt/416ObMi
okt. 03, 2023 3:20:08 PM org.flywaydb.core.internal.license.VersionPrinter printVersion
INFO: 
okt. 03, 2023 3:20:08 PM org.flywaydb.core.FlywayExecutor execute
INFO: Database: jdbc:h2:file:/home/anders/Dokumenter/mlflow/mlflow/java/spark/.metals/metals (H2 2.1)
okt. 03, 2023 3:20:08 PM org.flywaydb.core.internal.schemahistory.JdbcTableSchemaHistory allAppliedMigrations
INFO: Schema history table "PUBLIC"."flyway_schema_history" does not exist yet
okt. 03, 2023 3:20:08 PM org.flywaydb.core.internal.command.DbValidate validate
INFO: Successfully validated 4 migrations (execution time 00:00.012s)
okt. 03, 2023 3:20:08 PM org.flywaydb.core.internal.schemahistory.JdbcTableSchemaHistory create
INFO: Creating Schema History table "PUBLIC"."flyway_schema_history" ...
okt. 03, 2023 3:20:08 PM org.flywaydb.core.internal.command.DbMigrate migrateGroup
INFO: Current version of schema "PUBLIC": << Empty Schema >>
okt. 03, 2023 3:20:08 PM org.flywaydb.core.internal.command.DbMigrate doMigrateGroup
INFO: Migrating schema "PUBLIC" to version "1 - Create tables"
okt. 03, 2023 3:20:08 PM org.flywaydb.core.internal.command.DbMigrate doMigrateGroup
INFO: Migrating schema "PUBLIC" to version "2 - Server discovery"
okt. 03, 2023 3:20:08 PM org.flywaydb.core.internal.command.DbMigrate doMigrateGroup
INFO: Migrating schema "PUBLIC" to version "3 - Jar symbols"
okt. 03, 2023 3:20:08 PM org.flywaydb.core.internal.command.DbMigrate doMigrateGroup
INFO: Migrating schema "PUBLIC" to version "4 - Fingerprints"
okt. 03, 2023 3:20:08 PM org.flywaydb.core.internal.command.DbMigrate logSummary
INFO: Successfully applied 4 migrations to schema "PUBLIC", now at version v4 (execution time 00:00.018s)
2023.10.03 15:20:08 INFO  time: initialize in 0.49s[0m
2023.10.03 15:20:10 WARN  Build server is not auto-connectable.[0m
2023.10.03 15:20:17 WARN  no build target for: /home/anders/Dokumenter/mlflow/mlflow/java/spark/src/test/scala/org/mlflow/spark/autologging/ReflectionUtilsSuite.scala[0m
2023.10.03 15:20:20 INFO  no build target found for /home/anders/Dokumenter/mlflow/mlflow/java/spark/src/test/scala/org/mlflow/spark/autologging/ReflectionUtilsSuite.scala. Using presentation compiler with project's scala-library version: 3.3.0[0m
okt. 03, 2023 3:20:20 PM org.eclipse.lsp4j.jsonrpc.RemoteEndpoint handleCancellation
WARNING: Unmatched cancel notification for request id 4
2023.10.03 15:20:21 INFO  time: code lens generation in 1.64s[0m
2023.10.03 15:20:21 INFO  time: code lens generation in 1.64s[0m
2023.10.03 15:20:23 WARN  no build target for: /home/anders/Dokumenter/mlflow/mlflow/java/spark/src/test/scala/org/mlflow/spark/autologging/SparkAutologgingIntegrationSuite.scala[0m
2023.10.03 15:20:58 WARN  no build target for: /home/anders/Dokumenter/mlflow/mlflow/java/spark/src/test/scala/org/mlflow/spark/autologging/SparkAutologgingIntegrationSuite.scala[0m
2023.10.03 15:21:41 WARN  no build target for: /home/anders/Dokumenter/mlflow/mlflow/java/spark/src/test/scala/org/mlflow/spark/autologging/SparkAutologgingIntegrationSuite.scala[0m
2023.10.03 15:21:48 WARN  no build target for: /home/anders/Dokumenter/mlflow/mlflow/java/spark/src/test/scala/org/mlflow/spark/autologging/ReflectionUtilsSuite.scala[0m
2023.10.03 15:26:03 INFO  Shutting down server[0m
2023.10.03 15:26:03 INFO  shutting down Metals[0m
2023.10.03 15:26:03 INFO  Exiting server[0m
