2025-07-09 00:42:36,459 - INFO - Connecting to PostgreSQL: postgresql://postgres:7HrX26sHIZz8yffytPc0@autonomize-database-1002.cwpqzu4drrfr.us-east-1.rds.amazonaws.com:5432/mlflow
2025-07-09 00:42:39,258 - INFO - PostgreSQL connection successful: PostgreSQL 16.8 on aarch64-unknown-linux-gnu, compiled by gcc (GCC) 7.3.1 20180712 (Red Hat 7.3.1-17), 64-bit
2025-07-09 00:42:39,258 - INFO - Connecting to MongoDB: mongodb://localhost:27017/mlflow_migrated_from_autonomize
2025-07-09 00:42:39,272 - INFO - MongoDB connection successful: mlflow_migrated_from_autonomize
2025-07-09 00:42:39,273 - INFO - Analyzing source data in PostgreSQL...
2025-07-09 00:42:39,615 - INFO -   experiments: 284 records
2025-07-09 00:42:39,945 - INFO -   runs: 6,018 records
2025-07-09 00:42:40,264 - INFO -   metrics: 57,350 records
2025-07-09 00:42:40,639 - INFO -   params: 71,003 records
2025-07-09 00:42:40,957 - INFO -   tags: 34,816 records
2025-07-09 00:42:41,357 - INFO -   registered_models: 212 records
2025-07-09 00:42:41,671 - INFO -   model_versions: 1,169 records
2025-07-09 00:42:41,985 - INFO -   registered_model_tags: 97 records
2025-07-09 00:42:42,299 - INFO -   model_version_tags: 130 records
2025-07-09 00:42:42,612 - INFO -   registered_model_aliases: 25 records
2025-07-09 00:42:42,925 - INFO -   datasets: 83 records
2025-07-09 00:42:43,239 - INFO -   inputs: 767 records
2025-07-09 00:42:43,610 - INFO -   input_tags: 173 records
2025-07-09 00:42:43,948 - INFO -   experiment_tags: 77 records
2025-07-09 00:42:44,326 - INFO -   latest_metrics: 17,240 records
2025-07-09 00:42:44,735 - INFO -   logged_models: 56 records
2025-07-09 00:42:45,050 - INFO -   logged_model_tags: 208 records
2025-07-09 00:42:45,451 - INFO -   logged_model_params: 0 records
2025-07-09 00:42:45,765 - INFO -   logged_model_metrics: 0 records
2025-07-09 00:42:46,079 - INFO -   trace_info: 4,756 records
2025-07-09 00:42:46,395 - INFO -   trace_request_metadata: 20,472 records
2025-07-09 00:42:46,712 - INFO -   trace_tags: 17,445 records
2025-07-09 00:42:46,712 - INFO - Total records to migrate: 232,381
2025-07-09 00:42:46,712 - INFO - Auto-confirming migration of 232,381 records...
2025-07-09 00:42:46,713 - INFO - Migrating experiments...
2025-07-09 00:42:47,729 - INFO - Experiments migration completed: 284 migrated
2025-07-09 00:42:47,731 - INFO - Migrating runs...
2025-07-09 00:42:51,665 - INFO - Runs migration completed: 6018 migrated
2025-07-09 00:42:51,666 - INFO - Migrating metrics...
2025-07-09 00:43:12,087 - INFO - Metrics migration completed: 57350 migrated
2025-07-09 00:43:12,087 - INFO - Migrating parameters...
2025-07-09 00:43:26,156 - INFO - Parameters migration completed: 71003 migrated
2025-07-09 00:43:26,156 - INFO - Migrating tags...
2025-07-09 00:43:38,702 - INFO - Tags migration completed: 34816 migrated
2025-07-09 00:43:38,702 - INFO - Migrating experiment_tags...
2025-07-09 00:43:39,707 - INFO - experiment_tags migration completed: 77 migrated
2025-07-09 00:43:39,707 - INFO - Migrating datasets...
2025-07-09 00:43:40,706 - INFO - datasets migration completed: 83 migrated
2025-07-09 00:43:40,707 - INFO - Migrating inputs...
2025-07-09 00:43:42,048 - INFO - inputs migration completed: 767 migrated
2025-07-09 00:43:42,049 - INFO - Migrating input_tags...
2025-07-09 00:43:43,076 - INFO - input_tags migration completed: 173 migrated
2025-07-09 00:43:43,077 - INFO - Migrating latest_metrics...
2025-07-09 00:43:49,777 - INFO - latest_metrics migration completed: 17240 migrated
2025-07-09 00:43:49,777 - INFO - Migrating registered models...
2025-07-09 00:43:50,472 - INFO - Registered models migration completed: 212 migrated
2025-07-09 00:43:50,472 - INFO - Migrating model versions...
2025-07-09 00:43:53,194 - INFO - Model versions migration completed: 1169 migrated
2025-07-09 00:43:53,194 - INFO - Migrating registered_model_tags...
2025-07-09 00:43:54,231 - INFO - registered_model_tags migration completed: 97 migrated
2025-07-09 00:43:54,231 - INFO - Migrating model_version_tags...
2025-07-09 00:43:55,250 - INFO - model_version_tags migration completed: 130 migrated
2025-07-09 00:43:55,251 - INFO - Migrating registered_model_aliases...
2025-07-09 00:43:56,467 - INFO - registered_model_aliases migration completed: 25 migrated
2025-07-09 00:43:56,467 - INFO - Migrating logged_models...
2025-07-09 00:43:57,520 - INFO - logged_models migration completed: 56 migrated
2025-07-09 00:43:57,521 - INFO - Migrating logged_model_tags...
2025-07-09 00:43:58,557 - INFO - logged_model_tags migration completed: 208 migrated
2025-07-09 00:43:58,557 - INFO - Migrating logged_model_params...
2025-07-09 00:43:59,556 - INFO - logged_model_params migration completed: 0 migrated
2025-07-09 00:43:59,556 - INFO - Migrating logged_model_metrics...
2025-07-09 00:44:00,558 - INFO - logged_model_metrics migration completed: 0 migrated
2025-07-09 00:44:00,558 - INFO - Migrating trace_info...
2025-07-09 00:44:03,316 - INFO - trace_info migration completed: 4756 migrated
2025-07-09 00:44:03,316 - INFO - Migrating trace_request_metadata...
2025-07-09 00:44:12,625 - INFO - trace_request_metadata migration completed: 20472 migrated
2025-07-09 00:44:12,626 - INFO - Migrating trace_tags...
2025-07-09 00:44:16,886 - INFO - trace_tags migration completed: 17445 migrated
2025-07-09 00:44:16,886 - INFO - Migration completed successfully\!
